This file contains any messages produced by compilers while
running configure, to aid debugging if configure makes a mistake.

It was created by LTFS configure 3.5.0, which was
generated by GNU Autoconf 2.63.  Invocation command line was

  $ ./configure --libdir=/usr/local/lib64

## --------- ##
## Platform. ##
## --------- ##

hostname = charon.localdomain
uname -m = x86_64
uname -r = 3.10.0-514.6.2.el7.x86_64
uname -s = Linux
uname -v = #1 SMP Fri Feb 17 19:21:31 EST 2017

/usr/bin/uname -p = x86_64
/bin/uname -X     = unknown

/bin/arch              = x86_64
/usr/bin/arch -k       = unknown
/usr/convex/getsysinfo = unknown
/usr/bin/hostinfo      = unknown
/bin/machine           = unknown
/usr/bin/oslevel       = unknown
/bin/universe          = unknown

PATH: /sbin
PATH: /usr/sbin
PATH: /bin
PATH: /usr/bin
PATH: /usr/local/bin
PATH: /usr/local/bin


## ----------- ##
## Core tests. ##
## ----------- ##

configure:2121: checking build system type
configure:2139: result: x86_64-unknown-linux-gnu
configure:2161: checking host system type
configure:2176: result: x86_64-unknown-linux-gnu
configure:2204: checking build system type
configure:2222: result: x86_64-unknown-linux-gnu
configure:2244: checking target system type
configure:2259: result: x86_64-unknown-linux-gnu
configure:2303: checking for a BSD-compatible install
configure:2371: result: /bin/install -c
configure:2382: checking whether build environment is sane
configure:2442: result: yes
configure:2583: checking for a thread-safe mkdir -p
configure:2622: result: /bin/mkdir -p
configure:2635: checking for gawk
configure:2651: found /bin/gawk
configure:2662: result: gawk
configure:2673: checking whether make sets $(MAKE)
configure:2695: result: yes
configure:2825: checking for gcc
configure:2841: found /bin/gcc
configure:2852: result: gcc
configure:3084: checking for C compiler version
configure:3092: gcc --version >&5
gcc (GCC) 4.8.5 20150623 (Red Hat 4.8.5-11)
Copyright (C) 2015 Free Software Foundation, Inc.
This is free software; see the source for copying conditions.  There is NO
warranty; not even for MERCHANTABILITY or FITNESS FOR A PARTICULAR PURPOSE.

configure:3096: $? = 0
configure:3103: gcc -v >&5
Using built-in specs.
COLLECT_GCC=gcc
COLLECT_LTO_WRAPPER=/usr/libexec/gcc/x86_64-redhat-linux/4.8.5/lto-wrapper
Target: x86_64-redhat-linux
Configured with: ../configure --prefix=/usr --mandir=/usr/share/man --infodir=/usr/share/info --with-bugurl=http://bugzilla.redhat.com/bugzilla --enable-bootstrap --enable-shared --enable-threads=posix --enable-checking=release --with-system-zlib --enable-__cxa_atexit --disable-libunwind-exceptions --enable-gnu-unique-object --enable-linker-build-id --with-linker-hash-style=gnu --enable-languages=c,c++,objc,obj-c++,java,fortran,ada,go,lto --enable-plugin --enable-initfini-array --disable-libgcj --with-isl=/builddir/build/BUILD/gcc-4.8.5-20150702/obj-x86_64-redhat-linux/isl-install --with-cloog=/builddir/build/BUILD/gcc-4.8.5-20150702/obj-x86_64-redhat-linux/cloog-install --enable-gnu-indirect-function --with-tune=generic --with-arch_32=x86-64 --build=x86_64-redhat-linux
Thread model: posix
gcc version 4.8.5 20150623 (Red Hat 4.8.5-11) (GCC) 
configure:3107: $? = 0
configure:3114: gcc -V >&5
gcc: error: unrecognized command line option '-V'
gcc: fatal error: no input files
compilation terminated.
configure:3118: $? = 4
configure:3141: checking for C compiler default output file name
configure:3163: gcc    conftest.c  >&5
configure:3167: $? = 0
configure:3205: result: a.out
configure:3224: checking whether the C compiler works
configure:3234: ./a.out
configure:3238: $? = 0
configure:3257: result: yes
configure:3264: checking whether we are cross compiling
configure:3266: result: no
configure:3269: checking for suffix of executables
configure:3276: gcc -o conftest    conftest.c  >&5
configure:3280: $? = 0
configure:3306: result: 
configure:3312: checking for suffix of object files
configure:3338: gcc -c   conftest.c >&5
configure:3342: $? = 0
configure:3367: result: o
configure:3371: checking whether we are using the GNU C compiler
configure:3400: gcc -c   conftest.c >&5
configure:3407: $? = 0
configure:3424: result: yes
configure:3433: checking whether gcc accepts -g
configure:3463: gcc -c -g  conftest.c >&5
configure:3470: $? = 0
configure:3571: result: yes
configure:3588: checking for gcc option to accept ISO C89
configure:3662: gcc  -c -g -O2  conftest.c >&5
configure:3669: $? = 0
configure:3692: result: none needed
configure:3721: checking for style of include used by make
configure:3749: result: GNU
configure:3774: checking dependency style of gcc
configure:3884: result: gcc3
configure:3905: checking how to run the C preprocessor
configure:3945: gcc -E  conftest.c
configure:3952: $? = 0
configure:3983: gcc -E  conftest.c
conftest.c:10:28: fatal error: ac_nonexistent.h: No such file or directory
 #include <ac_nonexistent.h>
                            ^
compilation terminated.
configure:3990: $? = 1
configure: failed program was:
| /* confdefs.h.  */
| #define PACKAGE_NAME "LTFS"
| #define PACKAGE_TARNAME "ltfs"
| #define PACKAGE_VERSION "3.5.0"
| #define PACKAGE_STRING "LTFS 3.5.0"
| #define PACKAGE_BUGREPORT "Hewlett Packard Enterprise Development LP"
| #define PACKAGE "ltfs"
| #define VERSION "3.5.0"
| /* end confdefs.h.  */
| #include <ac_nonexistent.h>
configure:4023: result: gcc -E
configure:4052: gcc -E  conftest.c
configure:4059: $? = 0
configure:4090: gcc -E  conftest.c
conftest.c:10:28: fatal error: ac_nonexistent.h: No such file or directory
 #include <ac_nonexistent.h>
                            ^
compilation terminated.
configure:4097: $? = 1
configure: failed program was:
| /* confdefs.h.  */
| #define PACKAGE_NAME "LTFS"
| #define PACKAGE_TARNAME "ltfs"
| #define PACKAGE_VERSION "3.5.0"
| #define PACKAGE_STRING "LTFS 3.5.0"
| #define PACKAGE_BUGREPORT "Hewlett Packard Enterprise Development LP"
| #define PACKAGE "ltfs"
| #define VERSION "3.5.0"
| /* end confdefs.h.  */
| #include <ac_nonexistent.h>
configure:4137: checking for grep that handles long lines and -e
configure:4197: result: /bin/grep
configure:4202: checking for egrep
configure:4266: result: /bin/grep -E
configure:4271: checking for ANSI C header files
configure:4301: gcc -c -g -O2  conftest.c >&5
configure:4308: $? = 0
configure:4407: gcc -o conftest -g -O2   conftest.c  >&5
configure:4411: $? = 0
configure:4417: ./conftest
configure:4421: $? = 0
configure:4439: result: yes
configure:4463: checking for sys/types.h
configure:4484: gcc -c -g -O2  conftest.c >&5
configure:4491: $? = 0
configure:4508: result: yes
configure:4463: checking for sys/stat.h
configure:4484: gcc -c -g -O2  conftest.c >&5
configure:4491: $? = 0
configure:4508: result: yes
configure:4463: checking for stdlib.h
configure:4484: gcc -c -g -O2  conftest.c >&5
configure:4491: $? = 0
configure:4508: result: yes
configure:4463: checking for string.h
configure:4484: gcc -c -g -O2  conftest.c >&5
configure:4491: $? = 0
configure:4508: result: yes
configure:4463: checking for memory.h
configure:4484: gcc -c -g -O2  conftest.c >&5
configure:4491: $? = 0
configure:4508: result: yes
configure:4463: checking for strings.h
configure:4484: gcc -c -g -O2  conftest.c >&5
configure:4491: $? = 0
configure:4508: result: yes
configure:4463: checking for inttypes.h
configure:4484: gcc -c -g -O2  conftest.c >&5
configure:4491: $? = 0
configure:4508: result: yes
configure:4463: checking for stdint.h
configure:4484: gcc -c -g -O2  conftest.c >&5
configure:4491: $? = 0
configure:4508: result: yes
configure:4463: checking for unistd.h
configure:4484: gcc -c -g -O2  conftest.c >&5
configure:4491: $? = 0
configure:4508: result: yes
configure:4533: checking minix/config.h usability
configure:4550: gcc -c -g -O2  conftest.c >&5
conftest.c:53:26: fatal error: minix/config.h: No such file or directory
 #include <minix/config.h>
                          ^
compilation terminated.
configure:4557: $? = 1
configure: failed program was:
| /* confdefs.h.  */
| #define PACKAGE_NAME "LTFS"
| #define PACKAGE_TARNAME "ltfs"
| #define PACKAGE_VERSION "3.5.0"
| #define PACKAGE_STRING "LTFS 3.5.0"
| #define PACKAGE_BUGREPORT "Hewlett Packard Enterprise Development LP"
| #define PACKAGE "ltfs"
| #define VERSION "3.5.0"
| #define STDC_HEADERS 1
| #define HAVE_SYS_TYPES_H 1
| #define HAVE_SYS_STAT_H 1
| #define HAVE_STDLIB_H 1
| #define HAVE_STRING_H 1
| #define HAVE_MEMORY_H 1
| #define HAVE_STRINGS_H 1
| #define HAVE_INTTYPES_H 1
| #define HAVE_STDINT_H 1
| #define HAVE_UNISTD_H 1
| /* end confdefs.h.  */
| #include <stdio.h>
| #ifdef HAVE_SYS_TYPES_H
| # include <sys/types.h>
| #endif
| #ifdef HAVE_SYS_STAT_H
| # include <sys/stat.h>
| #endif
| #ifdef STDC_HEADERS
| # include <stdlib.h>
| # include <stddef.h>
| #else
| # ifdef HAVE_STDLIB_H
| #  include <stdlib.h>
| # endif
| #endif
| #ifdef HAVE_STRING_H
| # if !defined STDC_HEADERS && defined HAVE_MEMORY_H
| #  include <memory.h>
| # endif
| # include <string.h>
| #endif
| #ifdef HAVE_STRINGS_H
| # include <strings.h>
| #endif
| #ifdef HAVE_INTTYPES_H
| # include <inttypes.h>
| #endif
| #ifdef HAVE_STDINT_H
| # include <stdint.h>
| #endif
| #ifdef HAVE_UNISTD_H
| # include <unistd.h>
| #endif
| #include <minix/config.h>
configure:4571: result: no
configure:4575: checking minix/config.h presence
configure:4590: gcc -E  conftest.c
conftest.c:20:26: fatal error: minix/config.h: No such file or directory
 #include <minix/config.h>
                          ^
compilation terminated.
configure:4597: $? = 1
configure: failed program was:
| /* confdefs.h.  */
| #define PACKAGE_NAME "LTFS"
| #define PACKAGE_TARNAME "ltfs"
| #define PACKAGE_VERSION "3.5.0"
| #define PACKAGE_STRING "LTFS 3.5.0"
| #define PACKAGE_BUGREPORT "Hewlett Packard Enterprise Development LP"
| #define PACKAGE "ltfs"
| #define VERSION "3.5.0"
| #define STDC_HEADERS 1
| #define HAVE_SYS_TYPES_H 1
| #define HAVE_SYS_STAT_H 1
| #define HAVE_STDLIB_H 1
| #define HAVE_STRING_H 1
| #define HAVE_MEMORY_H 1
| #define HAVE_STRINGS_H 1
| #define HAVE_INTTYPES_H 1
| #define HAVE_STDINT_H 1
| #define HAVE_UNISTD_H 1
| /* end confdefs.h.  */
| #include <minix/config.h>
configure:4611: result: no
configure:4644: checking for minix/config.h
configure:4651: result: no
configure:4682: checking whether it is safe to define __EXTENSIONS__
configure:4710: gcc -c -g -O2  conftest.c >&5
configure:4717: $? = 0
configure:4732: result: yes
configure:4756: checking for gcc option to accept ISO C99
configure:4915: gcc  -c -g -O2  conftest.c >&5
conftest.c:75:29: error: expected ';', ',' or ')' before 'text'
 test_restrict (ccp restrict text)
                             ^
conftest.c: In function 'main':
conftest.c:129:18: error: expected '=', ',', ';', 'asm' or '__attribute__' before 'newvar'
   char *restrict newvar = "Another string";
                  ^
conftest.c:129:18: error: 'newvar' undeclared (first use in this function)
conftest.c:129:18: note: each undeclared identifier is reported only once for each function it appears in
conftest.c:139:3: error: 'for' loop initial declarations are only allowed in C99 mode
   for (int i = 0; i < ia->datasize; ++i)
   ^
conftest.c:139:3: note: use option -std=c99 or -std=gnu99 to compile your code
configure:4922: $? = 1
configure: failed program was:
| /* confdefs.h.  */
| #define PACKAGE_NAME "LTFS"
| #define PACKAGE_TARNAME "ltfs"
| #define PACKAGE_VERSION "3.5.0"
| #define PACKAGE_STRING "LTFS 3.5.0"
| #define PACKAGE_BUGREPORT "Hewlett Packard Enterprise Development LP"
| #define PACKAGE "ltfs"
| #define VERSION "3.5.0"
| #define STDC_HEADERS 1
| #define HAVE_SYS_TYPES_H 1
| #define HAVE_SYS_STAT_H 1
| #define HAVE_STDLIB_H 1
| #define HAVE_STRING_H 1
| #define HAVE_MEMORY_H 1
| #define HAVE_STRINGS_H 1
| #define HAVE_INTTYPES_H 1
| #define HAVE_STDINT_H 1
| #define HAVE_UNISTD_H 1
| #define __EXTENSIONS__ 1
| #define _ALL_SOURCE 1
| #define _GNU_SOURCE 1
| #define _POSIX_PTHREAD_SEMANTICS 1
| #define _TANDEM_SOURCE 1
| /* end confdefs.h.  */
| #include <stdarg.h>
| #include <stdbool.h>
| #include <stdlib.h>
| #include <wchar.h>
| #include <stdio.h>
| 
| // Check varargs macros.  These examples are taken from C99 6.10.3.5.
| #define debug(...) fprintf (stderr, __VA_ARGS__)
| #define showlist(...) puts (#__VA_ARGS__)
| #define report(test,...) ((test) ? puts (#test) : printf (__VA_ARGS__))
| static void
| test_varargs_macros (void)
| {
|   int x = 1234;
|   int y = 5678;
|   debug ("Flag");
|   debug ("X = %d\n", x);
|   showlist (The first, second, and third items.);
|   report (x>y, "x is %d but y is %d", x, y);
| }
| 
| // Check long long types.
| #define BIG64 18446744073709551615ull
| #define BIG32 4294967295ul
| #define BIG_OK (BIG64 / BIG32 == 4294967297ull && BIG64 % BIG32 == 0)
| #if !BIG_OK
|   your preprocessor is broken;
| #endif
| #if BIG_OK
| #else
|   your preprocessor is broken;
| #endif
| static long long int bignum = -9223372036854775807LL;
| static unsigned long long int ubignum = BIG64;
| 
| struct incomplete_array
| {
|   int datasize;
|   double data[];
| };
| 
| struct named_init {
|   int number;
|   const wchar_t *name;
|   double average;
| };
| 
| typedef const char *ccp;
| 
| static inline int
| test_restrict (ccp restrict text)
| {
|   // See if C++-style comments work.
|   // Iterate through items via the restricted pointer.
|   // Also check for declarations in for loops.
|   for (unsigned int i = 0; *(text+i) != '\0'; ++i)
|     continue;
|   return 0;
| }
| 
| // Check varargs and va_copy.
| static void
| test_varargs (const char *format, ...)
| {
|   va_list args;
|   va_start (args, format);
|   va_list args_copy;
|   va_copy (args_copy, args);
| 
|   const char *str;
|   int number;
|   float fnumber;
| 
|   while (*format)
|     {
|       switch (*format++)
| 	{
| 	case 's': // string
| 	  str = va_arg (args_copy, const char *);
| 	  break;
| 	case 'd': // int
| 	  number = va_arg (args_copy, int);
| 	  break;
| 	case 'f': // float
| 	  fnumber = va_arg (args_copy, double);
| 	  break;
| 	default:
| 	  break;
| 	}
|     }
|   va_end (args_copy);
|   va_end (args);
| }
| 
| int
| main ()
| {
| 
|   // Check bool.
|   _Bool success = false;
| 
|   // Check restrict.
|   if (test_restrict ("String literal") == 0)
|     success = true;
|   char *restrict newvar = "Another string";
| 
|   // Check varargs.
|   test_varargs ("s, d' f .", "string", 65, 34.234);
|   test_varargs_macros ();
| 
|   // Check flexible array members.
|   struct incomplete_array *ia =
|     malloc (sizeof (struct incomplete_array) + (sizeof (double) * 10));
|   ia->datasize = 10;
|   for (int i = 0; i < ia->datasize; ++i)
|     ia->data[i] = i * 1.234;
| 
|   // Check named initializers.
|   struct named_init ni = {
|     .number = 34,
|     .name = L"Test wide string",
|     .average = 543.34343,
|   };
| 
|   ni.number = 58;
| 
|   int dynamic_array[ni.number];
|   dynamic_array[ni.number - 1] = 543;
| 
|   // work around unused variable warnings
|   return (!success || bignum == 0LL || ubignum == 0uLL || newvar[0] == 'x'
| 	  || dynamic_array[ni.number - 1] != 543);
| 
|   ;
|   return 0;
| }
configure:4915: gcc -std=gnu99 -c -g -O2  conftest.c >&5
configure:4922: $? = 0
configure:4952: result: -std=gnu99
configure:4983: checking for a sed that does not truncate output
configure:5049: result: /bin/sed
configure:5067: checking for fgrep
configure:5131: result: /bin/grep -F
configure:5166: checking for ld used by gcc -std=gnu99
configure:5233: result: /bin/ld
configure:5242: checking if the linker (/bin/ld) is GNU ld
configure:5257: result: yes
configure:5269: checking for BSD- or MS-compatible name lister (nm)
configure:5318: result: /bin/nm -B
configure:5436: checking the name lister (/bin/nm -B) interface
configure:5443: gcc -std=gnu99 -c -g -O2  conftest.c >&5
configure:5446: /bin/nm -B "conftest.o"
configure:5449: output
0000000000000000 B some_variable
configure:5456: result: BSD nm
configure:5459: checking whether ln -s works
configure:5463: result: yes
configure:5471: checking the maximum length of command line arguments
configure:5591: result: 1572864
configure:5608: checking whether the shell understands some XSI constructs
configure:5618: result: yes
configure:5622: checking whether the shell understands "+="
configure:5628: result: yes
configure:5663: checking for /bin/ld option to reload object files
configure:5670: result: -r
configure:5739: checking for objdump
configure:5755: found /bin/objdump
configure:5766: result: objdump
configure:5798: checking how to recognize dependent libraries
configure:5994: result: pass_all
configure:6054: checking for ar
configure:6070: found /bin/ar
configure:6081: result: ar
configure:6159: checking for strip
configure:6175: found /bin/strip
configure:6186: result: strip
configure:6258: checking for ranlib
configure:6274: found /bin/ranlib
configure:6285: result: ranlib
configure:6375: checking command to parse /bin/nm -B output from gcc -std=gnu99 object
configure:6493: gcc -std=gnu99 -c -g -O2  conftest.c >&5
configure:6496: $? = 0
configure:6500: /bin/nm -B conftest.o \| sed -n -e 's/^.*[	 ]\([ABCDGIRSTW][ABCDGIRSTW]*\)[	 ][	 ]*\([_A-Za-z][_A-Za-z0-9]*\)$/\1 \2 \2/p' \> conftest.nm
configure:6503: $? = 0
configure:6557: gcc -std=gnu99 -o conftest -g -O2   conftest.c conftstm.o >&5
configure:6560: $? = 0
configure:6598: result: ok
configure:6693: gcc -std=gnu99 -c -g -O2  conftest.c >&5
configure:6696: $? = 0
configure:7463: checking for dlfcn.h
configure:7484: gcc -std=gnu99 -c -g -O2  conftest.c >&5
configure:7491: $? = 0
configure:7508: result: yes
configure:7694: checking for objdir
configure:7709: result: .libs
configure:8001: checking if gcc -std=gnu99 supports -fno-rtti -fno-exceptions
configure:8019: gcc -std=gnu99 -c -g -O2  -fno-rtti -fno-exceptions conftest.c >&5
cc1: warning: command line option '-fno-rtti' is valid for C++/ObjC++ but not for C [enabled by default]
configure:8023: $? = 0
configure:8036: result: no
configure:8056: checking for gcc -std=gnu99 option to produce PIC
configure:8328: result: -fPIC -DPIC
configure:8340: checking if gcc -std=gnu99 PIC flag -fPIC -DPIC works
configure:8358: gcc -std=gnu99 -c -g -O2  -fPIC -DPIC -DPIC conftest.c >&5
configure:8362: $? = 0
configure:8375: result: yes
configure:8399: checking if gcc -std=gnu99 static flag -static works
configure:8427: result: no
configure:8442: checking if gcc -std=gnu99 supports -c -o file.o
configure:8463: gcc -std=gnu99 -c -g -O2  -o out/conftest2.o conftest.c >&5
configure:8467: $? = 0
configure:8489: result: yes
configure:8497: checking if gcc -std=gnu99 supports -c -o file.o
configure:8544: result: yes
configure:8577: checking whether the gcc -std=gnu99 linker (/bin/ld -m elf_x86_64) supports shared libraries
configure:9651: result: yes
configure:9688: checking whether -lc should be explicitly linked in
configure:9693: gcc -std=gnu99 -c -g -O2  conftest.c >&5
configure:9696: $? = 0
configure:9711: gcc -std=gnu99 -shared conftest.o  -v -Wl,-soname -Wl,conftest -o conftest 2\>\&1 \| /bin/grep  -lc  \>/dev/null 2\>\&1
configure:9714: $? = 0
configure:9726: result: no
configure:9890: checking dynamic linker characteristics
configure:10333: gcc -std=gnu99 -o conftest -g -O2   -Wl,-rpath -Wl,/foo conftest.c  >&5
configure:10340: $? = 0
configure:10576: result: GNU/Linux ld.so
configure:10678: checking how to hardcode library paths into programs
configure:10703: result: immediate
configure:11536: checking whether stripping libraries is possible
configure:11541: result: yes
configure:11576: checking if libtool supports shared libraries
configure:11578: result: yes
configure:11581: checking whether to build shared libraries
configure:11602: result: yes
configure:11605: checking whether to build static libraries
configure:11609: result: yes
configure:11645: checking whether to compile in debug mode
configure:11655: result: no
configure:11658: checking whether to enable optimizations
configure:11668: result: no
configure:11672: checking whether to enable livelink mode support default=yes 
configure:11682: result: yes
configure:11714: checking for pkg-config
configure:11732: found /bin/pkg-config
configure:11745: result: /bin/pkg-config
configure:11763: checking for genrb
configure:11781: found /bin/genrb
configure:11794: result: /bin/genrb
configure:11811: checking for pkgdata
configure:11829: found /bin/pkgdata
configure:11842: result: /bin/pkgdata
configure:11961: checking pkg-config is at least version 0.9.0
configure:11964: result: yes
configure:11975: checking for FUSE_MODULE
configure:11982: $PKG_CONFIG --exists --print-errors "fuse >= 2.6.0"
configure:11985: $? = 0
configure:11998: $PKG_CONFIG --exists --print-errors "fuse >= 2.6.0"
configure:12001: $? = 0
configure:12078: result: yes
configure:12084: checking for UUID_MODULE
configure:12091: $PKG_CONFIG --exists --print-errors "uuid >= 1.36"
configure:12094: $? = 0
configure:12107: $PKG_CONFIG --exists --print-errors "uuid >= 1.36"
configure:12110: $? = 0
configure:12187: result: yes
configure:12193: checking for LIBXML2_MODULE
configure:12200: $PKG_CONFIG --exists --print-errors "libxml-2.0 >= 2.6.16"
configure:12203: $? = 0
configure:12216: $PKG_CONFIG --exists --print-errors "libxml-2.0 >= 2.6.16"
configure:12219: $? = 0
configure:12296: result: yes
configure:12443: checking fcntl.h usability
configure:12460: gcc -std=gnu99 -c -g -O2  conftest.c >&5
configure:12467: $? = 0
configure:12481: result: yes
configure:12485: checking fcntl.h presence
configure:12500: gcc -E  conftest.c
configure:12507: $? = 0
configure:12521: result: yes
configure:12554: checking for fcntl.h
configure:12563: result: yes
configure:12443: checking limits.h usability
configure:12460: gcc -std=gnu99 -c -g -O2  conftest.c >&5
configure:12467: $? = 0
configure:12481: result: yes
configure:12485: checking limits.h presence
configure:12500: gcc -E  conftest.c
configure:12507: $? = 0
configure:12521: result: yes
configure:12554: checking for limits.h
configure:12563: result: yes
configure:12443: checking stddef.h usability
configure:12460: gcc -std=gnu99 -c -g -O2  conftest.c >&5
configure:12467: $? = 0
configure:12481: result: yes
configure:12485: checking stddef.h presence
configure:12500: gcc -E  conftest.c
configure:12507: $? = 0
configure:12521: result: yes
configure:12554: checking for stddef.h
configure:12563: result: yes
configure:12432: checking for stdint.h
configure:12439: result: yes
configure:12432: checking for stdlib.h
configure:12439: result: yes
configure:12432: checking for string.h
configure:12439: result: yes
configure:12443: checking sys/ioctl.h usability
configure:12460: gcc -std=gnu99 -c -g -O2  conftest.c >&5
configure:12467: $? = 0
configure:12481: result: yes
configure:12485: checking sys/ioctl.h presence
configure:12500: gcc -E  conftest.c
configure:12507: $? = 0
configure:12521: result: yes
configure:12554: checking for sys/ioctl.h
configure:12563: result: yes
configure:12443: checking sys/mount.h usability
configure:12460: gcc -std=gnu99 -c -g -O2  conftest.c >&5
configure:12467: $? = 0
configure:12481: result: yes
configure:12485: checking sys/mount.h presence
configure:12500: gcc -E  conftest.c
configure:12507: $? = 0
configure:12521: result: yes
configure:12554: checking for sys/mount.h
configure:12563: result: yes
configure:12443: checking sys/time.h usability
configure:12460: gcc -std=gnu99 -c -g -O2  conftest.c >&5
configure:12467: $? = 0
configure:12481: result: yes
configure:12485: checking sys/time.h presence
configure:12500: gcc -E  conftest.c
configure:12507: $? = 0
configure:12521: result: yes
configure:12554: checking for sys/time.h
configure:12563: result: yes
configure:12443: checking termios.h usability
configure:12460: gcc -std=gnu99 -c -g -O2  conftest.c >&5
configure:12467: $? = 0
configure:12481: result: yes
configure:12485: checking termios.h presence
configure:12500: gcc -E  conftest.c
configure:12507: $? = 0
configure:12521: result: yes
configure:12554: checking for termios.h
configure:12563: result: yes
configure:12432: checking for unistd.h
configure:12439: result: yes
configure:12578: checking for stdbool.h that conforms to C99
configure:12673: gcc -std=gnu99 -c -g -O2  conftest.c >&5
configure:12680: $? = 0
configure:12695: result: yes
configure:12697: checking for _Bool
configure:12725: gcc -std=gnu99 -c -g -O2  conftest.c >&5
configure:12732: $? = 0
configure:12759: gcc -std=gnu99 -c -g -O2  conftest.c >&5
conftest.c: In function 'main':
conftest.c:74:20: error: expected expression before ')' token
 if (sizeof ((_Bool)))
                    ^
configure:12766: $? = 1
configure: failed program was:
| /* confdefs.h.  */
| #define PACKAGE_NAME "LTFS"
| #define PACKAGE_TARNAME "ltfs"
| #define PACKAGE_VERSION "3.5.0"
| #define PACKAGE_STRING "LTFS 3.5.0"
| #define PACKAGE_BUGREPORT "Hewlett Packard Enterprise Development LP"
| #define PACKAGE "ltfs"
| #define VERSION "3.5.0"
| #define STDC_HEADERS 1
| #define HAVE_SYS_TYPES_H 1
| #define HAVE_SYS_STAT_H 1
| #define HAVE_STDLIB_H 1
| #define HAVE_STRING_H 1
| #define HAVE_MEMORY_H 1
| #define HAVE_STRINGS_H 1
| #define HAVE_INTTYPES_H 1
| #define HAVE_STDINT_H 1
| #define HAVE_UNISTD_H 1
| #define __EXTENSIONS__ 1
| #define _ALL_SOURCE 1
| #define _GNU_SOURCE 1
| #define _POSIX_PTHREAD_SEMANTICS 1
| #define _TANDEM_SOURCE 1
| #define HAVE_DLFCN_H 1
| #define LT_OBJDIR ".libs/"
| #define HAVE_FCNTL_H 1
| #define HAVE_LIMITS_H 1
| #define HAVE_STDDEF_H 1
| #define HAVE_STDINT_H 1
| #define HAVE_STDLIB_H 1
| #define HAVE_STRING_H 1
| #define HAVE_SYS_IOCTL_H 1
| #define HAVE_SYS_MOUNT_H 1
| #define HAVE_SYS_TIME_H 1
| #define HAVE_TERMIOS_H 1
| #define HAVE_UNISTD_H 1
| /* end confdefs.h.  */
| #include <stdio.h>
| #ifdef HAVE_SYS_TYPES_H
| # include <sys/types.h>
| #endif
| #ifdef HAVE_SYS_STAT_H
| # include <sys/stat.h>
| #endif
| #ifdef STDC_HEADERS
| # include <stdlib.h>
| # include <stddef.h>
| #else
| # ifdef HAVE_STDLIB_H
| #  include <stdlib.h>
| # endif
| #endif
| #ifdef HAVE_STRING_H
| # if !defined STDC_HEADERS && defined HAVE_MEMORY_H
| #  include <memory.h>
| # endif
| # include <string.h>
| #endif
| #ifdef HAVE_STRINGS_H
| # include <strings.h>
| #endif
| #ifdef HAVE_INTTYPES_H
| # include <inttypes.h>
| #endif
| #ifdef HAVE_STDINT_H
| # include <stdint.h>
| #endif
| #ifdef HAVE_UNISTD_H
| # include <unistd.h>
| #endif
| int
| main ()
| {
| if (sizeof ((_Bool)))
| 	  return 0;
|   ;
|   return 0;
| }
configure:12789: result: yes
configure:12808: checking for mode_t
configure:12836: gcc -std=gnu99 -c -g -O2  conftest.c >&5
configure:12843: $? = 0
configure:12870: gcc -std=gnu99 -c -g -O2  conftest.c >&5
conftest.c: In function 'main':
conftest.c:76:21: error: expected expression before ')' token
 if (sizeof ((mode_t)))
                     ^
configure:12877: $? = 1
configure: failed program was:
| /* confdefs.h.  */
| #define PACKAGE_NAME "LTFS"
| #define PACKAGE_TARNAME "ltfs"
| #define PACKAGE_VERSION "3.5.0"
| #define PACKAGE_STRING "LTFS 3.5.0"
| #define PACKAGE_BUGREPORT "Hewlett Packard Enterprise Development LP"
| #define PACKAGE "ltfs"
| #define VERSION "3.5.0"
| #define STDC_HEADERS 1
| #define HAVE_SYS_TYPES_H 1
| #define HAVE_SYS_STAT_H 1
| #define HAVE_STDLIB_H 1
| #define HAVE_STRING_H 1
| #define HAVE_MEMORY_H 1
| #define HAVE_STRINGS_H 1
| #define HAVE_INTTYPES_H 1
| #define HAVE_STDINT_H 1
| #define HAVE_UNISTD_H 1
| #define __EXTENSIONS__ 1
| #define _ALL_SOURCE 1
| #define _GNU_SOURCE 1
| #define _POSIX_PTHREAD_SEMANTICS 1
| #define _TANDEM_SOURCE 1
| #define HAVE_DLFCN_H 1
| #define LT_OBJDIR ".libs/"
| #define HAVE_FCNTL_H 1
| #define HAVE_LIMITS_H 1
| #define HAVE_STDDEF_H 1
| #define HAVE_STDINT_H 1
| #define HAVE_STDLIB_H 1
| #define HAVE_STRING_H 1
| #define HAVE_SYS_IOCTL_H 1
| #define HAVE_SYS_MOUNT_H 1
| #define HAVE_SYS_TIME_H 1
| #define HAVE_TERMIOS_H 1
| #define HAVE_UNISTD_H 1
| #define HAVE__BOOL 1
| #define HAVE_STDBOOL_H 1
| /* end confdefs.h.  */
| #include <stdio.h>
| #ifdef HAVE_SYS_TYPES_H
| # include <sys/types.h>
| #endif
| #ifdef HAVE_SYS_STAT_H
| # include <sys/stat.h>
| #endif
| #ifdef STDC_HEADERS
| # include <stdlib.h>
| # include <stddef.h>
| #else
| # ifdef HAVE_STDLIB_H
| #  include <stdlib.h>
| # endif
| #endif
| #ifdef HAVE_STRING_H
| # if !defined STDC_HEADERS && defined HAVE_MEMORY_H
| #  include <memory.h>
| # endif
| # include <string.h>
| #endif
| #ifdef HAVE_STRINGS_H
| # include <strings.h>
| #endif
| #ifdef HAVE_INTTYPES_H
| # include <inttypes.h>
| #endif
| #ifdef HAVE_STDINT_H
| # include <stdint.h>
| #endif
| #ifdef HAVE_UNISTD_H
| # include <unistd.h>
| #endif
| int
| main ()
| {
| if (sizeof ((mode_t)))
| 	  return 0;
|   ;
|   return 0;
| }
configure:12900: result: yes
configure:12912: checking for off_t
configure:12940: gcc -std=gnu99 -c -g -O2  conftest.c >&5
configure:12947: $? = 0
configure:12974: gcc -std=gnu99 -c -g -O2  conftest.c >&5
conftest.c: In function 'main':
conftest.c:76:20: error: expected expression before ')' token
 if (sizeof ((off_t)))
                    ^
configure:12981: $? = 1
configure: failed program was:
| /* confdefs.h.  */
| #define PACKAGE_NAME "LTFS"
| #define PACKAGE_TARNAME "ltfs"
| #define PACKAGE_VERSION "3.5.0"
| #define PACKAGE_STRING "LTFS 3.5.0"
| #define PACKAGE_BUGREPORT "Hewlett Packard Enterprise Development LP"
| #define PACKAGE "ltfs"
| #define VERSION "3.5.0"
| #define STDC_HEADERS 1
| #define HAVE_SYS_TYPES_H 1
| #define HAVE_SYS_STAT_H 1
| #define HAVE_STDLIB_H 1
| #define HAVE_STRING_H 1
| #define HAVE_MEMORY_H 1
| #define HAVE_STRINGS_H 1
| #define HAVE_INTTYPES_H 1
| #define HAVE_STDINT_H 1
| #define HAVE_UNISTD_H 1
| #define __EXTENSIONS__ 1
| #define _ALL_SOURCE 1
| #define _GNU_SOURCE 1
| #define _POSIX_PTHREAD_SEMANTICS 1
| #define _TANDEM_SOURCE 1
| #define HAVE_DLFCN_H 1
| #define LT_OBJDIR ".libs/"
| #define HAVE_FCNTL_H 1
| #define HAVE_LIMITS_H 1
| #define HAVE_STDDEF_H 1
| #define HAVE_STDINT_H 1
| #define HAVE_STDLIB_H 1
| #define HAVE_STRING_H 1
| #define HAVE_SYS_IOCTL_H 1
| #define HAVE_SYS_MOUNT_H 1
| #define HAVE_SYS_TIME_H 1
| #define HAVE_TERMIOS_H 1
| #define HAVE_UNISTD_H 1
| #define HAVE__BOOL 1
| #define HAVE_STDBOOL_H 1
| /* end confdefs.h.  */
| #include <stdio.h>
| #ifdef HAVE_SYS_TYPES_H
| # include <sys/types.h>
| #endif
| #ifdef HAVE_SYS_STAT_H
| # include <sys/stat.h>
| #endif
| #ifdef STDC_HEADERS
| # include <stdlib.h>
| # include <stddef.h>
| #else
| # ifdef HAVE_STDLIB_H
| #  include <stdlib.h>
| # endif
| #endif
| #ifdef HAVE_STRING_H
| # if !defined STDC_HEADERS && defined HAVE_MEMORY_H
| #  include <memory.h>
| # endif
| # include <string.h>
| #endif
| #ifdef HAVE_STRINGS_H
| # include <strings.h>
| #endif
| #ifdef HAVE_INTTYPES_H
| # include <inttypes.h>
| #endif
| #ifdef HAVE_STDINT_H
| # include <stdint.h>
| #endif
| #ifdef HAVE_UNISTD_H
| # include <unistd.h>
| #endif
| int
| main ()
| {
| if (sizeof ((off_t)))
| 	  return 0;
|   ;
|   return 0;
| }
configure:13004: result: yes
configure:13016: checking for size_t
configure:13044: gcc -std=gnu99 -c -g -O2  conftest.c >&5
configure:13051: $? = 0
configure:13078: gcc -std=gnu99 -c -g -O2  conftest.c >&5
conftest.c: In function 'main':
conftest.c:76:21: error: expected expression before ')' token
 if (sizeof ((size_t)))
                     ^
configure:13085: $? = 1
configure: failed program was:
| /* confdefs.h.  */
| #define PACKAGE_NAME "LTFS"
| #define PACKAGE_TARNAME "ltfs"
| #define PACKAGE_VERSION "3.5.0"
| #define PACKAGE_STRING "LTFS 3.5.0"
| #define PACKAGE_BUGREPORT "Hewlett Packard Enterprise Development LP"
| #define PACKAGE "ltfs"
| #define VERSION "3.5.0"
| #define STDC_HEADERS 1
| #define HAVE_SYS_TYPES_H 1
| #define HAVE_SYS_STAT_H 1
| #define HAVE_STDLIB_H 1
| #define HAVE_STRING_H 1
| #define HAVE_MEMORY_H 1
| #define HAVE_STRINGS_H 1
| #define HAVE_INTTYPES_H 1
| #define HAVE_STDINT_H 1
| #define HAVE_UNISTD_H 1
| #define __EXTENSIONS__ 1
| #define _ALL_SOURCE 1
| #define _GNU_SOURCE 1
| #define _POSIX_PTHREAD_SEMANTICS 1
| #define _TANDEM_SOURCE 1
| #define HAVE_DLFCN_H 1
| #define LT_OBJDIR ".libs/"
| #define HAVE_FCNTL_H 1
| #define HAVE_LIMITS_H 1
| #define HAVE_STDDEF_H 1
| #define HAVE_STDINT_H 1
| #define HAVE_STDLIB_H 1
| #define HAVE_STRING_H 1
| #define HAVE_SYS_IOCTL_H 1
| #define HAVE_SYS_MOUNT_H 1
| #define HAVE_SYS_TIME_H 1
| #define HAVE_TERMIOS_H 1
| #define HAVE_UNISTD_H 1
| #define HAVE__BOOL 1
| #define HAVE_STDBOOL_H 1
| /* end confdefs.h.  */
| #include <stdio.h>
| #ifdef HAVE_SYS_TYPES_H
| # include <sys/types.h>
| #endif
| #ifdef HAVE_SYS_STAT_H
| # include <sys/stat.h>
| #endif
| #ifdef STDC_HEADERS
| # include <stdlib.h>
| # include <stddef.h>
| #else
| # ifdef HAVE_STDLIB_H
| #  include <stdlib.h>
| # endif
| #endif
| #ifdef HAVE_STRING_H
| # if !defined STDC_HEADERS && defined HAVE_MEMORY_H
| #  include <memory.h>
| # endif
| # include <string.h>
| #endif
| #ifdef HAVE_STRINGS_H
| # include <strings.h>
| #endif
| #ifdef HAVE_INTTYPES_H
| # include <inttypes.h>
| #endif
| #ifdef HAVE_STDINT_H
| # include <stdint.h>
| #endif
| #ifdef HAVE_UNISTD_H
| # include <unistd.h>
| #endif
| int
| main ()
| {
| if (sizeof ((size_t)))
| 	  return 0;
|   ;
|   return 0;
| }
configure:13108: result: yes
configure:13120: checking for ssize_t
configure:13148: gcc -std=gnu99 -c -g -O2  conftest.c >&5
configure:13155: $? = 0
configure:13182: gcc -std=gnu99 -c -g -O2  conftest.c >&5
conftest.c: In function 'main':
conftest.c:76:22: error: expected expression before ')' token
 if (sizeof ((ssize_t)))
                      ^
configure:13189: $? = 1
configure: failed program was:
| /* confdefs.h.  */
| #define PACKAGE_NAME "LTFS"
| #define PACKAGE_TARNAME "ltfs"
| #define PACKAGE_VERSION "3.5.0"
| #define PACKAGE_STRING "LTFS 3.5.0"
| #define PACKAGE_BUGREPORT "Hewlett Packard Enterprise Development LP"
| #define PACKAGE "ltfs"
| #define VERSION "3.5.0"
| #define STDC_HEADERS 1
| #define HAVE_SYS_TYPES_H 1
| #define HAVE_SYS_STAT_H 1
| #define HAVE_STDLIB_H 1
| #define HAVE_STRING_H 1
| #define HAVE_MEMORY_H 1
| #define HAVE_STRINGS_H 1
| #define HAVE_INTTYPES_H 1
| #define HAVE_STDINT_H 1
| #define HAVE_UNISTD_H 1
| #define __EXTENSIONS__ 1
| #define _ALL_SOURCE 1
| #define _GNU_SOURCE 1
| #define _POSIX_PTHREAD_SEMANTICS 1
| #define _TANDEM_SOURCE 1
| #define HAVE_DLFCN_H 1
| #define LT_OBJDIR ".libs/"
| #define HAVE_FCNTL_H 1
| #define HAVE_LIMITS_H 1
| #define HAVE_STDDEF_H 1
| #define HAVE_STDINT_H 1
| #define HAVE_STDLIB_H 1
| #define HAVE_STRING_H 1
| #define HAVE_SYS_IOCTL_H 1
| #define HAVE_SYS_MOUNT_H 1
| #define HAVE_SYS_TIME_H 1
| #define HAVE_TERMIOS_H 1
| #define HAVE_UNISTD_H 1
| #define HAVE__BOOL 1
| #define HAVE_STDBOOL_H 1
| /* end confdefs.h.  */
| #include <stdio.h>
| #ifdef HAVE_SYS_TYPES_H
| # include <sys/types.h>
| #endif
| #ifdef HAVE_SYS_STAT_H
| # include <sys/stat.h>
| #endif
| #ifdef STDC_HEADERS
| # include <stdlib.h>
| # include <stddef.h>
| #else
| # ifdef HAVE_STDLIB_H
| #  include <stdlib.h>
| # endif
| #endif
| #ifdef HAVE_STRING_H
| # if !defined STDC_HEADERS && defined HAVE_MEMORY_H
| #  include <memory.h>
| # endif
| # include <string.h>
| #endif
| #ifdef HAVE_STRINGS_H
| # include <strings.h>
| #endif
| #ifdef HAVE_INTTYPES_H
| # include <inttypes.h>
| #endif
| #ifdef HAVE_STDINT_H
| # include <stdint.h>
| #endif
| #ifdef HAVE_UNISTD_H
| # include <unistd.h>
| #endif
| int
| main ()
| {
| if (sizeof ((ssize_t)))
| 	  return 0;
|   ;
|   return 0;
| }
configure:13212: result: yes
configure:13225: checking for uint8_t
configure:13256: gcc -std=gnu99 -c -g -O2  conftest.c >&5
configure:13263: $? = 0
configure:13284: result: yes
configure:13302: checking for uint16_t
configure:13333: gcc -std=gnu99 -c -g -O2  conftest.c >&5
configure:13340: $? = 0
configure:13361: result: yes
configure:13375: checking for uint32_t
configure:13406: gcc -std=gnu99 -c -g -O2  conftest.c >&5
configure:13413: $? = 0
configure:13434: result: yes
configure:13452: checking for uint64_t
configure:13483: gcc -std=gnu99 -c -g -O2  conftest.c >&5
configure:13490: $? = 0
configure:13511: result: yes
configure:13532: checking size of time_t
configure:13837: gcc -std=gnu99 -o conftest -g -O2   conftest.c  >&5
configure:13841: $? = 0
configure:13847: ./conftest
configure:13851: $? = 0
configure:13877: result: 8
configure:13887: checking for struct stat.st_blocks
configure:13915: gcc -std=gnu99 -c -g -O2  conftest.c >&5
configure:13922: $? = 0
configure:13980: result: yes
configure:14003: checking for struct stat.st_blksize
configure:14031: gcc -std=gnu99 -c -g -O2  conftest.c >&5
configure:14038: $? = 0
configure:14096: result: yes
configure:14107: checking for struct stat.st_rdev
configure:14135: gcc -std=gnu99 -c -g -O2  conftest.c >&5
configure:14142: $? = 0
configure:14200: result: yes
configure:14211: checking for inline
configure:14237: gcc -std=gnu99 -c -g -O2  conftest.c >&5
configure:14244: $? = 0
configure:14262: result: inline
configure:14287: checking for stdlib.h
configure:14294: result: yes
configure:14433: checking for GNU libc compatible malloc
configure:14467: gcc -std=gnu99 -o conftest -g -O2   conftest.c  >&5
configure:14471: $? = 0
configure:14477: ./conftest
configure:14481: $? = 0
configure:14498: result: yes
configure:14527: checking for working strnlen
configure:14571: gcc -std=gnu99 -o conftest -g -O2   conftest.c  >&5
configure:14575: $? = 0
configure:14581: ./conftest
configure:14585: $? = 0
configure:14602: result: yes
configure:14625: checking for bzero
configure:14681: gcc -std=gnu99 -o conftest -g -O2   conftest.c  >&5
conftest.c:70:6: warning: conflicting types for built-in function 'bzero' [enabled by default]
 char bzero ();
      ^
configure:14688: $? = 0
configure:14710: result: yes
configure:14625: checking for memchr
configure:14681: gcc -std=gnu99 -o conftest -g -O2   conftest.c  >&5
conftest.c:71:6: warning: conflicting types for built-in function 'memchr' [enabled by default]
 char memchr ();
      ^
configure:14688: $? = 0
configure:14710: result: yes
configure:14625: checking for memset
configure:14681: gcc -std=gnu99 -o conftest -g -O2   conftest.c  >&5
conftest.c:72:6: warning: conflicting types for built-in function 'memset' [enabled by default]
 char memset ();
      ^
configure:14688: $? = 0
configure:14710: result: yes
configure:14625: checking for mkdir
configure:14681: gcc -std=gnu99 -o conftest -g -O2   conftest.c  >&5
configure:14688: $? = 0
configure:14710: result: yes
configure:14625: checking for rmdir
configure:14681: gcc -std=gnu99 -o conftest -g -O2   conftest.c  >&5
configure:14688: $? = 0
configure:14710: result: yes
configure:14625: checking for strcasecmp
configure:14681: gcc -std=gnu99 -o conftest -g -O2   conftest.c  >&5
conftest.c:75:6: warning: conflicting types for built-in function 'strcasecmp' [enabled by default]
 char strcasecmp ();
      ^
configure:14688: $? = 0
configure:14710: result: yes
configure:14625: checking for strdup
configure:14681: gcc -std=gnu99 -o conftest -g -O2   conftest.c  >&5
conftest.c:76:6: warning: conflicting types for built-in function 'strdup' [enabled by default]
 char strdup ();
      ^
configure:14688: $? = 0
configure:14710: result: yes
configure:14625: checking for strerror
configure:14681: gcc -std=gnu99 -o conftest -g -O2   conftest.c  >&5
configure:14688: $? = 0
configure:14710: result: yes
configure:14625: checking for strndup
configure:14681: gcc -std=gnu99 -o conftest -g -O2   conftest.c  >&5
conftest.c:78:6: warning: conflicting types for built-in function 'strndup' [enabled by default]
 char strndup ();
      ^
configure:14688: $? = 0
configure:14710: result: yes
configure:14625: checking for strrchr
configure:14681: gcc -std=gnu99 -o conftest -g -O2   conftest.c  >&5
conftest.c:79:6: warning: conflicting types for built-in function 'strrchr' [enabled by default]
 char strrchr ();
      ^
configure:14688: $? = 0
configure:14710: result: yes
configure:14625: checking for strstr
configure:14681: gcc -std=gnu99 -o conftest -g -O2   conftest.c  >&5
conftest.c:80:6: warning: conflicting types for built-in function 'strstr' [enabled by default]
 char strstr ();
      ^
configure:14688: $? = 0
configure:14710: result: yes
configure:14743: checking SSE4.2
configure:14763: result: yes, x86_64
configure:14923: creating ./config.status

## ---------------------- ##
## Running config.status. ##
## ---------------------- ##

This file was extended by LTFS config.status 3.5.0, which was
generated by GNU Autoconf 2.63.  Invocation command line was

  CONFIG_FILES    = 
  CONFIG_HEADERS  = 
  CONFIG_LINKS    = 
  CONFIG_COMMANDS = 
  $ ./config.status 

on charon.localdomain

config.status:1052: creating Makefile
config.status:1052: creating messages/Makefile
config.status:1052: creating conf/Makefile
config.status:1052: creating init.d/Makefile
config.status:1052: creating src/Makefile
config.status:1052: creating src/libltfs/Makefile
config.status:1052: creating src/tape_drivers/linux/ltotape/Makefile
config.status:1052: creating src/iosched/Makefile
config.status:1052: creating src/kmi/Makefile
config.status:1052: creating src/utils/Makefile
config.status:1052: creating config.h
config.status:1274: config.h is unchanged
config.status:1326: executing depfiles commands
config.status:1326: executing libtool commands

## ---------------- ##
## Cache variables. ##
## ---------------- ##

ac_cv_build=x86_64-unknown-linux-gnu
ac_cv_c_compiler_gnu=yes
ac_cv_c_inline=inline
ac_cv_c_uint16_t=yes
ac_cv_c_uint32_t=yes
ac_cv_c_uint64_t=yes
ac_cv_c_uint8_t=yes
ac_cv_env_CC_set=
ac_cv_env_CC_value=
ac_cv_env_CFLAGS_set=
ac_cv_env_CFLAGS_value=
ac_cv_env_CPPFLAGS_set=
ac_cv_env_CPPFLAGS_value=
ac_cv_env_CPP_set=
ac_cv_env_CPP_value=
ac_cv_env_DEFAULT_DRIVER_set=
ac_cv_env_DEFAULT_DRIVER_value=
ac_cv_env_DEFAULT_IOSCHED_set=
ac_cv_env_DEFAULT_IOSCHED_value=
ac_cv_env_DEFAULT_KMI_set=
ac_cv_env_DEFAULT_KMI_value=
ac_cv_env_FUSE_MODULE_CFLAGS_set=
ac_cv_env_FUSE_MODULE_CFLAGS_value=
ac_cv_env_FUSE_MODULE_LIBS_set=
ac_cv_env_FUSE_MODULE_LIBS_value=
ac_cv_env_ICU_MODULE_CFLAGS_set=
ac_cv_env_ICU_MODULE_CFLAGS_value=
ac_cv_env_ICU_MODULE_LIBS_set=
ac_cv_env_ICU_MODULE_LIBS_value=
ac_cv_env_LDFLAGS_set=
ac_cv_env_LDFLAGS_value=
ac_cv_env_LIBS_set=
ac_cv_env_LIBS_value=
ac_cv_env_LIBXML2_MODULE_CFLAGS_set=
ac_cv_env_LIBXML2_MODULE_CFLAGS_value=
ac_cv_env_LIBXML2_MODULE_LIBS_set=
ac_cv_env_LIBXML2_MODULE_LIBS_value=
ac_cv_env_PKG_CONFIG_set=
ac_cv_env_PKG_CONFIG_value=
ac_cv_env_UUID_MODULE_CFLAGS_set=
ac_cv_env_UUID_MODULE_CFLAGS_value=
ac_cv_env_UUID_MODULE_LIBS_set=
ac_cv_env_UUID_MODULE_LIBS_value=
ac_cv_env_build_alias_set=
ac_cv_env_build_alias_value=
ac_cv_env_host_alias_set=
ac_cv_env_host_alias_value=
ac_cv_env_target_alias_set=
ac_cv_env_target_alias_value=
ac_cv_func_bzero=yes
ac_cv_func_malloc_0_nonnull=yes
ac_cv_func_memchr=yes
ac_cv_func_memset=yes
ac_cv_func_mkdir=yes
ac_cv_func_rmdir=yes
ac_cv_func_strcasecmp=yes
ac_cv_func_strdup=yes
ac_cv_func_strerror=yes
ac_cv_func_strndup=yes
ac_cv_func_strnlen_working=yes
ac_cv_func_strrchr=yes
ac_cv_func_strstr=yes
ac_cv_header_dlfcn_h=yes
ac_cv_header_fcntl_h=yes
ac_cv_header_inttypes_h=yes
ac_cv_header_limits_h=yes
ac_cv_header_memory_h=yes
ac_cv_header_minix_config_h=no
ac_cv_header_stdbool_h=yes
ac_cv_header_stdc=yes
ac_cv_header_stddef_h=yes
ac_cv_header_stdint_h=yes
ac_cv_header_stdlib_h=yes
ac_cv_header_string_h=yes
ac_cv_header_strings_h=yes
ac_cv_header_sys_ioctl_h=yes
ac_cv_header_sys_mount_h=yes
ac_cv_header_sys_stat_h=yes
ac_cv_header_sys_time_h=yes
ac_cv_header_sys_types_h=yes
ac_cv_header_termios_h=yes
ac_cv_header_unistd_h=yes
ac_cv_host=x86_64-unknown-linux-gnu
ac_cv_member_struct_stat_st_blksize=yes
ac_cv_member_struct_stat_st_blocks=yes
ac_cv_member_struct_stat_st_rdev=yes
ac_cv_objext=o
ac_cv_path_EGREP='/bin/grep -E'
ac_cv_path_FGREP='/bin/grep -F'
ac_cv_path_GENRB=/bin/genrb
ac_cv_path_GREP=/bin/grep
ac_cv_path_PKGDATA=/bin/pkgdata
ac_cv_path_PKG_CONFIG=/bin/pkg-config
ac_cv_path_SED=/bin/sed
ac_cv_path_install='/bin/install -c'
ac_cv_path_mkdir=/bin/mkdir
ac_cv_prog_AWK=gawk
ac_cv_prog_CPP='gcc -E'
ac_cv_prog_ac_ct_AR=ar
ac_cv_prog_ac_ct_CC=gcc
ac_cv_prog_ac_ct_OBJDUMP=objdump
ac_cv_prog_ac_ct_RANLIB=ranlib
ac_cv_prog_ac_ct_STRIP=strip
ac_cv_prog_cc_c89=
ac_cv_prog_cc_c99=-std=gnu99
ac_cv_prog_cc_g=yes
ac_cv_prog_make_make_set=yes
ac_cv_safe_to_define___extensions__=yes
ac_cv_sizeof_time_t=8
ac_cv_target=x86_64-unknown-linux-gnu
ac_cv_type__Bool=yes
ac_cv_type_mode_t=yes
ac_cv_type_off_t=yes
ac_cv_type_size_t=yes
ac_cv_type_ssize_t=yes
am_cv_CC_dependencies_compiler_type=gcc3
lt_cv_deplibs_check_method=pass_all
lt_cv_file_magic_cmd='$MAGIC_CMD'
lt_cv_file_magic_test_file=
lt_cv_ld_reload_flag=-r
lt_cv_nm_interface='BSD nm'
lt_cv_objdir=.libs
lt_cv_path_LD=/bin/ld
lt_cv_path_NM='/bin/nm -B'
lt_cv_prog_compiler_c_o=yes
lt_cv_prog_compiler_pic_works=yes
lt_cv_prog_compiler_rtti_exceptions=no
lt_cv_prog_compiler_static_works=no
lt_cv_prog_gnu_ld=yes
lt_cv_sys_global_symbol_pipe='sed -n -e '\''s/^.*[	 ]\([ABCDGIRSTW][ABCDGIRSTW]*\)[	 ][	 ]*\([_A-Za-z][_A-Za-z0-9]*\)$/\1 \2 \2/p'\'''
lt_cv_sys_global_symbol_to_c_name_address='sed -n -e '\''s/^: \([^ ]*\) $/  {\"\1\", (void *) 0},/p'\'' -e '\''s/^[ABCDGIRSTW]* \([^ ]*\) \([^ ]*\)$/  {"\2", (void *) \&\2},/p'\'''
lt_cv_sys_global_symbol_to_c_name_address_lib_prefix='sed -n -e '\''s/^: \([^ ]*\) $/  {\"\1\", (void *) 0},/p'\'' -e '\''s/^[ABCDGIRSTW]* \([^ ]*\) \(lib[^ ]*\)$/  {"\2", (void *) \&\2},/p'\'' -e '\''s/^[ABCDGIRSTW]* \([^ ]*\) \([^ ]*\)$/  {"lib\2", (void *) \&\2},/p'\'''
lt_cv_sys_global_symbol_to_cdecl='sed -n -e '\''s/^T .* \(.*\)$/extern int \1();/p'\'' -e '\''s/^[ABCDGIRSTW]* .* \(.*\)$/extern char \1;/p'\'''
lt_cv_sys_max_cmd_len=1572864
pkg_cv_FUSE_MODULE_CFLAGS='-D_FILE_OFFSET_BITS=64 -I/usr/include/fuse  '
pkg_cv_FUSE_MODULE_LIBS='-pthread -lfuse  '
pkg_cv_LIBXML2_MODULE_CFLAGS='-I/usr/include/libxml2  '
pkg_cv_LIBXML2_MODULE_LIBS='-lxml2  '
pkg_cv_UUID_MODULE_CFLAGS='-I/usr/include/uuid  '
pkg_cv_UUID_MODULE_LIBS='-luuid  '

## ----------------- ##
## Output variables. ##
## ----------------- ##

ACLOCAL='${SHELL} /home/jenkins_auto_builds/trunk/ltfs/build-aux/missing --run aclocal-1.11'
AMDEPBACKSLASH='\'
AMDEP_FALSE='#'
AMDEP_TRUE=''
AMTAR='${SHELL} /home/jenkins_auto_builds/trunk/ltfs/build-aux/missing --run tar'
AM_CFLAGS='-Wall -Wsign-compare -D_FILE_OFFSET_BITS=64 -I/usr/include/fuse   -I/usr/include/uuid   -I/usr/include/libxml2   -D_REENTRANT    -I/usr/include  -fkeep-inline-functions -rdynamic'
AM_CPPFLAGS='-D_GNU_SOURCE -DHPE_BUILD -I$(top_srcdir)/src -DLTFS_CONFIG_FILE='\''"${prefix}/etc/ltfs.conf"'\'''
AM_LDFLAGS=' -pthread -lfuse   -luuid   -lxml2   -Wl,-z,relro   -lpthread -ldl -lm   -L/usr/lib64 -licui18n -licuuc -licudata  -lpthread -ldl -lm   '
AR='ar'
AUTOCONF='${SHELL} /home/jenkins_auto_builds/trunk/ltfs/build-aux/missing --run autoconf'
AUTOHEADER='${SHELL} /home/jenkins_auto_builds/trunk/ltfs/build-aux/missing --run autoheader'
AUTOMAKE='${SHELL} /home/jenkins_auto_builds/trunk/ltfs/build-aux/missing --run automake-1.11'
AWK='gawk'
CC='gcc -std=gnu99'
CCDEPMODE='depmode=gcc3'
CFLAGS='-g -O2 -O0 -ggdb'
CPP='gcc -E'
CPPFLAGS=''
CRC_OPTIMIZE='-msse4.2 -O2 -D__SSE42__'
CYGPATH_W='echo'
DEFAULT_DRIVER='ltotape'
DEFAULT_IOSCHED='unified'
DEFAULT_KMI='none'
DEFS='-DHAVE_CONFIG_H'
DEPDIR='.deps'
DSYMUTIL=''
DUMPBIN=''
ECHO_C=''
ECHO_N='-n'
ECHO_T=''
EGREP='/bin/grep -E'
EXEEXT=''
FGREP='/bin/grep -F'
FUSE_MODULE_CFLAGS='-D_FILE_OFFSET_BITS=64 -I/usr/include/fuse  '
FUSE_MODULE_LIBS='-pthread -lfuse  '
GENRB='/bin/genrb'
GREP='/bin/grep'
ICU_MODULE_CFLAGS='-D_REENTRANT    -I/usr/include '
ICU_MODULE_LIBS='-Wl,-z,relro   -lpthread -ldl -lm   -L/usr/lib64 -licui18n -licuuc -licudata  -lpthread -ldl -lm   '
INSTALL_DATA='${INSTALL} -m 644'
INSTALL_PROGRAM='${INSTALL}'
INSTALL_SCRIPT='${INSTALL}'
INSTALL_STRIP_PROGRAM='$(install_sh) -c -s'
LD='/bin/ld -m elf_x86_64'
LDFLAGS=''
LIBOBJS=''
LIBS=''
LIBTOOL='$(SHELL) $(top_builddir)/libtool'
LIBXML2_MODULE_CFLAGS='-I/usr/include/libxml2  '
LIBXML2_MODULE_LIBS='-lxml2  '
LIPO=''
LN_S='ln -s'
LTLIBOBJS=''
MAKEINFO='${SHELL} /home/jenkins_auto_builds/trunk/ltfs/build-aux/missing --run makeinfo'
MKDIR_P='/bin/mkdir -p'
NM='/bin/nm -B'
NMEDIT=''
OBJDUMP='objdump'
OBJEXT='o'
OTOOL64=''
OTOOL=''
PACKAGE='ltfs'
PACKAGE_BUGREPORT='Hewlett Packard Enterprise Development LP'
PACKAGE_NAME='LTFS'
PACKAGE_STRING='LTFS 3.5.0'
PACKAGE_TARNAME='ltfs'
PACKAGE_VERSION='3.5.0'
PATH_SEPARATOR=':'
PKGDATA='/bin/pkgdata'
PKG_CONFIG='/bin/pkg-config'
RANLIB='ranlib'
SED='/bin/sed'
SET_MAKE=''
SHELL='/bin/sh'
STRIP='strip'
UUID_MODULE_CFLAGS='-I/usr/include/uuid  '
UUID_MODULE_LIBS='-luuid  '
VERSION='3.5.0'
ac_ct_CC='gcc'
ac_ct_DUMPBIN=''
am__EXEEXT_FALSE=''
am__EXEEXT_TRUE='#'
am__fastdepCC_FALSE='#'
am__fastdepCC_TRUE=''
am__include='include'
am__isrc=''
am__leading_dot='.'
am__quote=''
am__tar='${AMTAR} chof - "$$tardir"'
am__untar='${AMTAR} xf -'
bindir='${exec_prefix}/bin'
build='x86_64-unknown-linux-gnu'
build_alias=''
build_cpu='x86_64'
build_os='linux-gnu'
build_vendor='unknown'
datadir='${datarootdir}'
datarootdir='${prefix}/share'
docdir='${datarootdir}/doc/${PACKAGE_TARNAME}'
dvidir='${docdir}'
exec_prefix='${prefix}'
host='x86_64-unknown-linux-gnu'
host_alias=''
host_cpu='x86_64'
host_os='linux-gnu'
host_vendor='unknown'
htmldir='${docdir}'
includedir='${prefix}/include'
infodir='${datarootdir}/info'
install_sh='${SHELL} /home/jenkins_auto_builds/trunk/ltfs/build-aux/install-sh'
libdir='/usr/local/lib64'
libexecdir='${exec_prefix}/libexec'
localedir='${datarootdir}/locale'
localstatedir='${prefix}/var'
lt_ECHO='echo'
mandir='${datarootdir}/man'
mkdir_p='/bin/mkdir -p'
oldincludedir='/usr/include'
pdfdir='${docdir}'
prefix='/usr/local'
program_transform_name='s,x,x,'
psdir='${docdir}'
sbindir='${exec_prefix}/sbin'
sharedstatedir='${prefix}/com'
sysconfdir='${prefix}/etc'
target='x86_64-unknown-linux-gnu'
target_alias=''
target_cpu='x86_64'
target_os='linux-gnu'
target_vendor='unknown'

## ----------- ##
## confdefs.h. ##
## ----------- ##

#define PACKAGE_NAME "LTFS"
#define PACKAGE_TARNAME "ltfs"
#define PACKAGE_VERSION "3.5.0"
#define PACKAGE_STRING "LTFS 3.5.0"
#define PACKAGE_BUGREPORT "Hewlett Packard Enterprise Development LP"
#define PACKAGE "ltfs"
#define VERSION "3.5.0"
#define STDC_HEADERS 1
#define HAVE_SYS_TYPES_H 1
#define HAVE_SYS_STAT_H 1
#define HAVE_STDLIB_H 1
#define HAVE_STRING_H 1
#define HAVE_MEMORY_H 1
#define HAVE_STRINGS_H 1
#define HAVE_INTTYPES_H 1
#define HAVE_STDINT_H 1
#define HAVE_UNISTD_H 1
#define __EXTENSIONS__ 1
#define _ALL_SOURCE 1
#define _GNU_SOURCE 1
#define _POSIX_PTHREAD_SEMANTICS 1
#define _TANDEM_SOURCE 1
#define HAVE_DLFCN_H 1
#define LT_OBJDIR ".libs/"
#define HAVE_FCNTL_H 1
#define HAVE_LIMITS_H 1
#define HAVE_STDDEF_H 1
#define HAVE_STDINT_H 1
#define HAVE_STDLIB_H 1
#define HAVE_STRING_H 1
#define HAVE_SYS_IOCTL_H 1
#define HAVE_SYS_MOUNT_H 1
#define HAVE_SYS_TIME_H 1
#define HAVE_TERMIOS_H 1
#define HAVE_UNISTD_H 1
#define HAVE__BOOL 1
#define HAVE_STDBOOL_H 1
#define SIZEOF_TIME_T 8
#define HAVE_STRUCT_STAT_ST_BLOCKS 1
#define HAVE_ST_BLOCKS 1
#define HAVE_STRUCT_STAT_ST_BLKSIZE 1
#define HAVE_STRUCT_STAT_ST_RDEV 1
#define HAVE_STDLIB_H 1
#define HAVE_MALLOC 1
#define HAVE_BZERO 1
#define HAVE_MEMCHR 1
#define HAVE_MEMSET 1
#define HAVE_MKDIR 1
#define HAVE_RMDIR 1
#define HAVE_STRCASECMP 1
#define HAVE_STRDUP 1
#define HAVE_STRERROR 1
#define HAVE_STRNDUP 1
#define HAVE_STRRCHR 1
#define HAVE_STRSTR 1

configure: exit 0
